<html>
<head>
<title>TestNG:  CRM</title>
<link href="../testng.css" rel="stylesheet" type="text/css" />
<link href="../my-testng.css" rel="stylesheet" type="text/css" />

<style type="text/css">
.log { display: none;} 
.stack-trace { display: none;} 
</style>
<script type="text/javascript">
<!--
function flip(e) {
  current = e.style.display;
  if (current == 'block') {
    e.style.display = 'none';
    return 0;
  }
  else {
    e.style.display = 'block';
    return 1;
  }
}

function toggleBox(szDivId, elem, msg1, msg2)
{
  var res = -1;  if (document.getElementById) {
    res = flip(document.getElementById(szDivId));
  }
  else if (document.all) {
    // this is the way old msie versions work
    res = flip(document.all[szDivId]);
  }
  if(elem) {
    if(res == 0) elem.innerHTML = msg1; else elem.innerHTML = msg2;
  }

}

function toggleAllBoxes() {
  if (document.getElementsByTagName) {
    d = document.getElementsByTagName('div');
    for (i = 0; i < d.length; i++) {
      if (d[i].className == 'log') {
        flip(d[i]);
      }
    }
  }
}

// -->
</script>

</head>
<body>
<h2 align='center'>CRM</h2><table border='1' align="center">
<tr>
<td>Tests passed/Failed/Skipped:</td><td>3/1/0</td>
</tr><tr>
<td>Started on:</td><td>Fri Nov 25 16:04:30 IST 2016</td>
</tr>
<tr><td>Total time:</td><td>15 seconds (15941 ms)</td>
</tr><tr>
<td>Included groups:</td><td></td>
</tr><tr>
<td>Excluded groups:</td><td></td>
</tr>
</table><p/>
<small><i>(Hover the method name to see the test class name)</i></small><p/>
<table width='100%' border='1' class='invocation-failed'>
<tr><td colspan='4' align='center'><b>FAILED TESTS</b></td></tr>
<tr><td><b>Test method</b></td>
<td width="30%"><b>Exception</b></td>
<td width="10%"><b>Time (seconds)</b></td>
<td><b>Instance</b></td>
</tr>
<tr>
<td title='com.hs18.Test.CRM.LogInTest.logInToCRM()'><b>logInToCRM</b><br>Test class: com.hs18.Test.CRM.LogInTest<br>Test method: login Test<br>Parameters: http://app10.preprod.hs18.lan:8081/faces/callCenter/crmLogin.xhtml, sd, sd, 0<br/>
<a href="#Output-1810049246" onClick='toggleBox("Output-1810049246", this, "Show output", "Hide output");'>Show output</a>

<a href="#Output-1810049246" onClick="toggleAllBoxes();">Show all outputs</a>
<div class='log' id="Output-1810049246">
Text doesn't macthed -expected [Invalid credential] but found [Invalid credentials]<br/>
<a href='file:///E:\Projects\HS18Automation\UIAutomation\QAAutomation\src\main\webapp\WEB-INF\pages/25_Nov_2016__04_04_33PM.png'> <img src='file:///E:\Projects\HS18Automation\UIAutomation\QAAutomation\src\main\webapp\WEB-INF\pages/25_Nov_2016__04_04_33PM.png' hight='550' width='649'/> </a><br/>
</div>
</td>
<td><div><pre>java.lang.AssertionError: expected [Invalid credential] but found [Invalid credentials]
	at com.hs18.Test.CRM.LogInTest.logInToCRM(LogInTest.java)
... Removed 29 stack frames</pre></div><a href='#' onClick='toggleBox("stack-trace1810049246", this, "Click to show all stack frames", "Click to hide stack frames")'>Click to show all stack frames</a>
<div class='stack-trace' id='stack-trace1810049246'><pre>java.lang.AssertionError: expected [Invalid credential] but found [Invalid credentials]
	at org.testng.Assert.fail(Assert.java:94)
	at org.testng.Assert.failNotEquals(Assert.java:496)
	at org.testng.Assert.assertEquals(Assert.java:125)
	at org.testng.Assert.assertEquals(Assert.java:178)
	at org.testng.Assert.assertEquals(Assert.java:188)
	at com.hs18.Test.CRM.LogInTest.logInToCRM(LogInTest.java)
	at sun.reflect.NativeMethodAccessorImpl.invoke0(Native Method)
	at sun.reflect.NativeMethodAccessorImpl.invoke(NativeMethodAccessorImpl.java:57)
	at sun.reflect.DelegatingMethodAccessorImpl.invoke(DelegatingMethodAccessorImpl.java:43)
	at java.lang.reflect.Method.invoke(Method.java:606)
	at org.testng.internal.MethodInvocationHelper.invokeMethod(MethodInvocationHelper.java:85)
	at org.testng.internal.Invoker.invokeMethod(Invoker.java:639)
	at org.testng.internal.Invoker.invokeTestMethod(Invoker.java:821)
	at org.testng.internal.Invoker.invokeTestMethods(Invoker.java:1131)
	at org.testng.internal.TestMethodWorker.invokeTestMethods(TestMethodWorker.java:124)
	at org.testng.internal.TestMethodWorker.run(TestMethodWorker.java:108)
	at org.testng.TestRunner.privateRun(TestRunner.java:773)
	at org.testng.TestRunner.run(TestRunner.java:623)
	at org.testng.SuiteRunner.runTest(SuiteRunner.java:357)
	at org.testng.SuiteRunner.runSequentially(SuiteRunner.java:352)
	at org.testng.SuiteRunner.privateRun(SuiteRunner.java:310)
	at org.testng.SuiteRunner.run(SuiteRunner.java:259)
	at org.testng.SuiteRunnerWorker.runSuite(SuiteRunnerWorker.java:52)
	at org.testng.SuiteRunnerWorker.run(SuiteRunnerWorker.java:86)
	at org.testng.TestNG.runSuitesSequentially(TestNG.java:1185)
	at org.testng.TestNG.runSuitesLocally(TestNG.java:1110)
	at org.testng.TestNG.run(TestNG.java:1018)
	at org.testng.remote.AbstractRemoteTestNG.run(AbstractRemoteTestNG.java:126)
	at org.testng.remote.RemoteTestNG.initAndRun(RemoteTestNG.java:152)
	at org.testng.remote.RemoteTestNG.main(RemoteTestNG.java:57)
</pre></div></td>
<td>2</td>
<td>com.hs18.Test.CRM.LogInTest@6bcb9aea</td></tr>
</table><p>
<table width='100%' border='1' class='invocation-passed'>
<tr><td colspan='4' align='center'><b>PASSED TESTS</b></td></tr>
<tr><td><b>Test method</b></td>
<td width="30%"><b>Exception</b></td>
<td width="10%"><b>Time (seconds)</b></td>
<td><b>Instance</b></td>
</tr>
<tr>
<td title='com.hs18.Test.CRM.OrderBookingTest.callernoTest()'><b>callernoTest</b><br>Test class: com.hs18.Test.CRM.OrderBookingTest<br>Test method: Caller no Test<br>Parameters: 9990421145</td>
<td></td>
<td>8</td>
<td>com.hs18.Test.CRM.OrderBookingTest@40ef965e</td></tr>
<tr>
<td title='com.hs18.Test.CRM.LogInTest.logInToCRM()'><b>logInToCRM</b><br>Test class: com.hs18.Test.CRM.LogInTest<br>Test method: login Test<br>Parameters: http://app10.preprod.hs18.lan:8081/faces/callCenter/crmLogin.xhtml, sandy, hsnsandy, 2</td>
<td></td>
<td>1</td>
<td>com.hs18.Test.CRM.LogInTest@6bcb9aea</td></tr>
<tr>
<td title='com.hs18.Test.CRM.OrderBookingTest.searchProductTest()'><b>searchProductTest</b><br>Test class: com.hs18.Test.CRM.OrderBookingTest<br>Test method: Search Product Test<br>Parameters: 32166652</td>
<td></td>
<td>3</td>
<td>com.hs18.Test.CRM.OrderBookingTest@40ef965e</td></tr>
</table><p>
</body>
</html>